<?xml version="1.0" encoding="UTF-8"?>
<!-- Generated by org.testng.reporters.JUnitXMLReporter -->
<testsuite ignored="0" hostname="LAPTOP-R3A2COG5" failures="0" tests="5" name="Default test" time="0.043" errors="0" timestamp="30 Jan 2023 05:06:59 GMT">
  <testcase classname="BaseTest.Baseclass" name="@BeforeMethod BrowserLaunch" time="0.0">
    <failure type="org.testng.TestNGException" message="
Parameter &amp;apos;browsername&amp;apos; is required by BeforeMethod on method BrowserLaunch but has not been marked @Optional or defined
in C:\Users\Lenovo\AppData\Local\Temp\testng-eclipse--356825034\testng-customsuite.xml">
      <![CDATA[org.testng.TestNGException: 
Parameter 'browsername' is required by BeforeMethod on method BrowserLaunch but has not been marked @Optional or defined
in C:\Users\Lenovo\AppData\Local\Temp\testng-eclipse--356825034\testng-customsuite.xml
at org.testng.internal.Parameters.createParams(Parameters.java:290)
at org.testng.internal.Parameters.createParametersForMethod(Parameters.java:359)
at org.testng.internal.Parameters.createParameters(Parameters.java:620)
at org.testng.internal.Parameters.createConfigurationParameters(Parameters.java:190)
at org.testng.internal.Invoker.invokeConfigurations(Invoker.java:209)
at org.testng.internal.Invoker.invokeMethod(Invoker.java:523)
at org.testng.internal.Invoker.invokeTestMethod(Invoker.java:719)
at org.testng.internal.Invoker.invokeTestMethods(Invoker.java:989)
at org.testng.internal.TestMethodWorker.invokeTestMethods(TestMethodWorker.java:125)
at org.testng.internal.TestMethodWorker.run(TestMethodWorker.java:109)
at org.testng.TestRunner.privateRun(TestRunner.java:648)
at org.testng.TestRunner.run(TestRunner.java:505)
at org.testng.SuiteRunner.runTest(SuiteRunner.java:455)
at org.testng.SuiteRunner.runSequentially(SuiteRunner.java:450)
at org.testng.SuiteRunner.privateRun(SuiteRunner.java:415)
at org.testng.SuiteRunner.run(SuiteRunner.java:364)
at org.testng.SuiteRunnerWorker.runSuite(SuiteRunnerWorker.java:52)
at org.testng.SuiteRunnerWorker.run(SuiteRunnerWorker.java:84)
at org.testng.TestNG.runSuitesSequentially(TestNG.java:1208)
at org.testng.TestNG.runSuitesLocally(TestNG.java:1137)
at org.testng.TestNG.runSuites(TestNG.java:1049)
at org.testng.TestNG.run(TestNG.java:1017)
at org.testng.remote.AbstractRemoteTestNG.run(AbstractRemoteTestNG.java:115)
at org.testng.remote.RemoteTestNG.initAndRun(RemoteTestNG.java:251)
at org.testng.remote.RemoteTestNG.main(RemoteTestNG.java:77)
]]>
    </failure>
  </testcase> <!-- @BeforeMethod BrowserLaunch -->
  <testcase classname="BaseTest.Baseclass" name="@AfterMethod Teardown" time="0.0">
    <skipped/>
  </testcase> <!-- @AfterMethod Teardown -->
  <testcase classname="BaseTest.Baseclass" name="@BeforeMethod BrowserLaunch" time="0.0">
    <skipped/>
  </testcase> <!-- @BeforeMethod BrowserLaunch -->
  <testcase classname="BaseTest.Baseclass" name="@AfterMethod Teardown" time="0.0">
    <skipped/>
  </testcase> <!-- @AfterMethod Teardown -->
  <testcase classname="BaseTest.Baseclass" name="@BeforeMethod BrowserLaunch" time="0.0">
    <skipped/>
  </testcase> <!-- @BeforeMethod BrowserLaunch -->
  <testcase classname="BaseTest.Baseclass" name="@AfterMethod Teardown" time="0.0">
    <skipped/>
  </testcase> <!-- @AfterMethod Teardown -->
  <testcase classname="BaseTest.Baseclass" name="@BeforeMethod BrowserLaunch" time="0.0">
    <skipped/>
  </testcase> <!-- @BeforeMethod BrowserLaunch -->
  <testcase classname="BaseTest.Baseclass" name="@AfterMethod Teardown" time="0.0">
    <skipped/>
  </testcase> <!-- @AfterMethod Teardown -->
  <testcase classname="BaseTest.Baseclass" name="@BeforeMethod BrowserLaunch" time="0.0">
    <skipped/>
  </testcase> <!-- @BeforeMethod BrowserLaunch -->
  <testcase classname="BaseTest.Baseclass" name="@AfterMethod Teardown" time="0.0">
    <skipped/>
  </testcase> <!-- @AfterMethod Teardown -->
  <testcase classname="BaseTest.TestCases_with_validFies" name="verify_valid_DDMspace_file" time="0.0">
    <skipped/>
  </testcase> <!-- verify_valid_DDMspace_file -->
  <testcase classname="BaseTest.TestCases_with_validFies" name="verify_valid_DD_file" time="0.0">
    <skipped/>
  </testcase> <!-- verify_valid_DD_file -->
  <testcase classname="BaseTest.TestCases_with_validFies" name="verify_valid_DMSsapce_with_twolable_file" time="0.0">
    <skipped/>
  </testcase> <!-- verify_valid_DMSsapce_with_twolable_file -->
  <testcase classname="BaseTest.TestCases_with_validFies" name="verify_valid_Dms_file" time="0.0">
    <skipped/>
  </testcase> <!-- verify_valid_Dms_file -->
  <testcase classname="BaseTest.TestCases_with_validFies" name="verify_valid_Dmsspace_file" time="0.0">
    <skipped/>
  </testcase> <!-- verify_valid_Dmsspace_file -->
</testsuite> <!-- Default test -->
