<?xml version="1.0" encoding="UTF-8"?>
<!-- Generated by org.testng.reporters.JUnitReportReporter -->
<testsuite hostname="LAPTOP-R3A2COG5" failures="0" tests="58" name="BaseTest.TestCases_with_different_latLong_headers" time="57.063" errors="2" timestamp="29 Jan 2023 20:27:03 GMT" skipped="51">
  <testcase classname="BaseTest.TestCases_with_different_latLong_headers" name="verifyHeaders20" time="22.520">
    <skipped/>
  </testcase> <!-- verifyHeaders20 -->
  <testcase classname="BaseTest.TestCases_with_different_latLong_headers" name="verifyHeaders08" time="6.787">
    <skipped/>
  </testcase> <!-- verifyHeaders08 -->
  <testcase classname="BaseTest.TestCases_with_different_latLong_headers" name="verifyHeaders13" time="7.578">
    <skipped/>
  </testcase> <!-- verifyHeaders13 -->
  <testcase classname="BaseTest.TestCases_with_different_latLong_headers" name="verifyHeaders09" time="7.434">
    <skipped/>
  </testcase> <!-- verifyHeaders09 -->
  <testcase classname="BaseTest.TestCases_with_different_latLong_headers" name="verifyHeaders21" time="7.459">
    <skipped/>
  </testcase> <!-- verifyHeaders21 -->
  <testcase classname="BaseTest.TestCases_with_different_latLong_headers" name="verifyHeaders13" time="0.000">
    <skipped/>
  </testcase> <!-- verifyHeaders13 -->
  <testcase classname="BaseTest.TestCases_with_different_latLong_headers" name="verifyHeaders14" time="0.000">
    <skipped/>
  </testcase> <!-- verifyHeaders14 -->
  <testcase classname="BaseTest.TestCases_with_different_latLong_headers" name="verifyHeaders15" time="0.000">
    <skipped/>
  </testcase> <!-- verifyHeaders15 -->
  <testcase classname="BaseTest.TestCases_with_different_latLong_headers" name="verifyHeaders10" time="0.000">
    <skipped/>
  </testcase> <!-- verifyHeaders10 -->
  <testcase classname="BaseTest.TestCases_with_different_latLong_headers" name="verifyHeaders06" time="0.000">
    <skipped/>
  </testcase> <!-- verifyHeaders06 -->
  <testcase classname="BaseTest.TestCases_with_different_latLong_headers" name="verifyHeaders22" time="0.000">
    <skipped/>
  </testcase> <!-- verifyHeaders22 -->
  <testcase classname="BaseTest.TestCases_with_different_latLong_headers" name="verifyHeaders03" time="0.188"/>
  <testcase classname="BaseTest.TestCases_with_different_latLong_headers" name="verifyHeaders17" time="0.000">
    <skipped/>
  </testcase> <!-- verifyHeaders17 -->
  <testcase classname="BaseTest.TestCases_with_different_latLong_headers" name="verifyHeaders14" time="0.000">
    <skipped/>
  </testcase> <!-- verifyHeaders14 -->
  <testcase classname="BaseTest.TestCases_with_different_latLong_headers" name="verifyHeaders27" time="0.000">
    <skipped/>
  </testcase> <!-- verifyHeaders27 -->
  <testcase classname="BaseTest.TestCases_with_different_latLong_headers" name="verifyHeaders11" time="0.000">
    <skipped/>
  </testcase> <!-- verifyHeaders11 -->
  <testcase classname="BaseTest.TestCases_with_different_latLong_headers" name="verifyHeaders21" time="0.000">
    <skipped/>
  </testcase> <!-- verifyHeaders21 -->
  <testcase classname="BaseTest.TestCases_with_different_latLong_headers" name="verifyHeaders19" time="0.000">
    <skipped/>
  </testcase> <!-- verifyHeaders19 -->
  <testcase classname="BaseTest.TestCases_with_different_latLong_headers" name="verifyHeaders15" time="0.000">
    <skipped/>
  </testcase> <!-- verifyHeaders15 -->
  <testcase classname="BaseTest.TestCases_with_different_latLong_headers" name="verifyHeaders08" time="0.000">
    <skipped/>
  </testcase> <!-- verifyHeaders08 -->
  <testcase classname="BaseTest.TestCases_with_different_latLong_headers" name="verifyHeaders24" time="0.000">
    <skipped/>
  </testcase> <!-- verifyHeaders24 -->
  <testcase classname="BaseTest.TestCases_with_different_latLong_headers" name="verifyHeaders26" time="0.000">
    <skipped/>
  </testcase> <!-- verifyHeaders26 -->
  <testcase classname="BaseTest.TestCases_with_different_latLong_headers" name="verifyHeaders09" time="0.000">
    <skipped/>
  </testcase> <!-- verifyHeaders09 -->
  <testcase classname="BaseTest.TestCases_with_different_latLong_headers" name="BrowserLaunch" time="3.914">
    <error message="no such window: target window already closed
from unknown error: web view not found
  (Session info: chrome=109.0.5414.120)
Build info: version: &#039;4.7.1&#039;, revision: &#039;c6795baf1a3&#039;
System info: os.name: &#039;Windows 10&#039;, os.arch: &#039;amd64&#039;, os.version: &#039;10.0&#039;, java.version: &#039;17.0.2&#039;
Driver info: org.openqa.selenium.chrome.ChromeDriver
Command: [39ae9a665aff320ae3a764ad257bac5f, maximizeCurrentWindow {}]
Capabilities {acceptInsecureCerts: false, browserName: chrome, browserVersion: 109.0.5414.120, chrome: {chromedriverVersion: 109.0.5414.74 (e7c5703604da..., userDataDir: C:\Users\Lenovo\AppData\Loc...}, goog:chromeOptions: {debuggerAddress: localhost:55165}, networkConnectionEnabled: false, pageLoadStrategy: normal, platformName: WINDOWS, proxy: Proxy(), se:cdp: ws://localhost:55165/devtoo..., se:cdpVersion: 109.0.5414.120, setWindowRect: true, strictFileInteractability: false, timeouts: {implicit: 0, pageLoad: 300000, script: 30000}, unhandledPromptBehavior: dismiss and notify, webauthn:extension:credBlob: true, webauthn:extension:largeBlob: true, webauthn:virtualAuthenticators: true}
Session ID: 39ae9a665aff320ae3a764ad257bac5f" type="org.openqa.selenium.NoSuchWindowException">
      <![CDATA[org.openqa.selenium.NoSuchWindowException: no such window: target window already closed
from unknown error: web view not found
  (Session info: chrome=109.0.5414.120)
Build info: version: '4.7.1', revision: 'c6795baf1a3'
System info: os.name: 'Windows 10', os.arch: 'amd64', os.version: '10.0', java.version: '17.0.2'
Driver info: org.openqa.selenium.chrome.ChromeDriver
Command: [39ae9a665aff320ae3a764ad257bac5f, maximizeCurrentWindow {}]
Capabilities {acceptInsecureCerts: false, browserName: chrome, browserVersion: 109.0.5414.120, chrome: {chromedriverVersion: 109.0.5414.74 (e7c5703604da..., userDataDir: C:\Users\Lenovo\AppData\Loc...}, goog:chromeOptions: {debuggerAddress: localhost:55165}, networkConnectionEnabled: false, pageLoadStrategy: normal, platformName: WINDOWS, proxy: Proxy(), se:cdp: ws://localhost:55165/devtoo..., se:cdpVersion: 109.0.5414.120, setWindowRect: true, strictFileInteractability: false, timeouts: {implicit: 0, pageLoad: 300000, script: 30000}, unhandledPromptBehavior: dismiss and notify, webauthn:extension:credBlob: true, webauthn:extension:largeBlob: true, webauthn:virtualAuthenticators: true}
Session ID: 39ae9a665aff320ae3a764ad257bac5f
at java.base/jdk.internal.reflect.NativeConstructorAccessorImpl.newInstance0(Native Method)
at java.base/jdk.internal.reflect.NativeConstructorAccessorImpl.newInstance(NativeConstructorAccessorImpl.java:77)
at java.base/jdk.internal.reflect.DelegatingConstructorAccessorImpl.newInstance(DelegatingConstructorAccessorImpl.java:45)
at java.base/java.lang.reflect.Constructor.newInstanceWithCaller(Constructor.java:499)
at java.base/java.lang.reflect.Constructor.newInstance(Constructor.java:480)
at org.openqa.selenium.remote.codec.w3c.W3CHttpResponseCodec.createException(W3CHttpResponseCodec.java:200)
at org.openqa.selenium.remote.codec.w3c.W3CHttpResponseCodec.decode(W3CHttpResponseCodec.java:133)
at org.openqa.selenium.remote.codec.w3c.W3CHttpResponseCodec.decode(W3CHttpResponseCodec.java:53)
at org.openqa.selenium.remote.HttpCommandExecutor.execute(HttpCommandExecutor.java:184)
at org.openqa.selenium.remote.service.DriverCommandExecutor.invokeExecute(DriverCommandExecutor.java:167)
at org.openqa.selenium.remote.service.DriverCommandExecutor.execute(DriverCommandExecutor.java:142)
at org.openqa.selenium.remote.RemoteWebDriver.execute(RemoteWebDriver.java:551)
at org.openqa.selenium.remote.RemoteWebDriver.execute(RemoteWebDriver.java:606)
at org.openqa.selenium.remote.RemoteWebDriver.execute(RemoteWebDriver.java:610)
at org.openqa.selenium.remote.RemoteWebDriver$RemoteWebDriverOptions$RemoteWindow.maximize(RemoteWebDriver.java:962)
at BaseTest.Baseclass.BrowserLaunch(Baseclass.java:37)
at java.base/jdk.internal.reflect.NativeMethodAccessorImpl.invoke0(Native Method)
at java.base/jdk.internal.reflect.NativeMethodAccessorImpl.invoke(NativeMethodAccessorImpl.java:77)
at java.base/jdk.internal.reflect.DelegatingMethodAccessorImpl.invoke(DelegatingMethodAccessorImpl.java:43)
at java.base/java.lang.reflect.Method.invoke(Method.java:568)
at org.testng.internal.MethodInvocationHelper.invokeMethod(MethodInvocationHelper.java:124)
at org.testng.internal.MethodInvocationHelper.invokeMethodConsideringTimeout(MethodInvocationHelper.java:59)
at org.testng.internal.Invoker.invokeConfigurationMethod(Invoker.java:458)
at org.testng.internal.Invoker.invokeConfigurations(Invoker.java:222)
at org.testng.internal.Invoker.invokeMethod(Invoker.java:523)
at org.testng.internal.Invoker.invokeTestMethod(Invoker.java:719)
at org.testng.internal.Invoker.invokeTestMethods(Invoker.java:989)
at org.testng.internal.TestMethodWorker.invokeTestMethods(TestMethodWorker.java:125)
at org.testng.internal.TestMethodWorker.run(TestMethodWorker.java:109)
at org.testng.TestRunner.privateRun(TestRunner.java:648)
at org.testng.TestRunner.run(TestRunner.java:505)
at org.testng.SuiteRunner.runTest(SuiteRunner.java:455)
at org.testng.SuiteRunner.access$000(SuiteRunner.java:40)
at org.testng.SuiteRunner$SuiteWorker.run(SuiteRunner.java:489)
at org.testng.internal.thread.ThreadUtil$1.call(ThreadUtil.java:52)
at java.base/java.util.concurrent.FutureTask.run(FutureTask.java:264)
at java.base/java.util.concurrent.ThreadPoolExecutor.runWorker(ThreadPoolExecutor.java:1136)
at java.base/java.util.concurrent.ThreadPoolExecutor$Worker.run(ThreadPoolExecutor.java:635)
at java.base/java.lang.Thread.run(Thread.java:833)
]]>
    </error>
  </testcase> <!-- BrowserLaunch -->
  <testcase classname="BaseTest.TestCases_with_different_latLong_headers" name="verifyHeaders16" time="0.000">
    <skipped/>
  </testcase> <!-- verifyHeaders16 -->
  <testcase classname="BaseTest.TestCases_with_different_latLong_headers" name="verifyHeaders04" time="0.166"/>
  <testcase classname="BaseTest.TestCases_with_different_latLong_headers" name="verifyHeaders02" time="0.170"/>
  <testcase classname="BaseTest.TestCases_with_different_latLong_headers" name="verifyHeaders07" time="0.000">
    <skipped/>
  </testcase> <!-- verifyHeaders07 -->
  <testcase classname="BaseTest.TestCases_with_different_latLong_headers" name="verifyHeaders20" time="0.000">
    <skipped/>
  </testcase> <!-- verifyHeaders20 -->
  <testcase classname="BaseTest.TestCases_with_different_latLong_headers" name="verifyHeaders03" time="0.000">
    <skipped/>
  </testcase> <!-- verifyHeaders03 -->
  <testcase classname="BaseTest.TestCases_with_different_latLong_headers" name="verifyHeaders12" time="0.000">
    <skipped/>
  </testcase> <!-- verifyHeaders12 -->
  <testcase classname="BaseTest.TestCases_with_different_latLong_headers" name="verifyHeaders1" time="0.000">
    <skipped/>
  </testcase> <!-- verifyHeaders1 -->
  <testcase classname="BaseTest.TestCases_with_different_latLong_headers" name="verifyHeaders1" time="0.000">
    <skipped/>
  </testcase> <!-- verifyHeaders1 -->
  <testcase classname="BaseTest.TestCases_with_different_latLong_headers" name="verifyHeaders23" time="0.000">
    <skipped/>
  </testcase> <!-- verifyHeaders23 -->
  <testcase classname="BaseTest.TestCases_with_different_latLong_headers" name="verifyHeaders27" time="0.000">
    <skipped/>
  </testcase> <!-- verifyHeaders27 -->
  <testcase classname="BaseTest.TestCases_with_different_latLong_headers" name="verifyHeaders24" time="0.000">
    <skipped/>
  </testcase> <!-- verifyHeaders24 -->
  <testcase classname="BaseTest.TestCases_with_different_latLong_headers" name="verifyHeaders18" time="0.000">
    <skipped/>
  </testcase> <!-- verifyHeaders18 -->
  <testcase classname="BaseTest.TestCases_with_different_latLong_headers" name="verifyHeaders" time="0.228"/>
  <testcase classname="BaseTest.TestCases_with_different_latLong_headers" name="verifyHeaders07" time="0.000">
    <skipped/>
  </testcase> <!-- verifyHeaders07 -->
  <testcase classname="BaseTest.TestCases_with_different_latLong_headers" name="verifyHeaders18" time="0.000">
    <skipped/>
  </testcase> <!-- verifyHeaders18 -->
  <testcase classname="BaseTest.TestCases_with_different_latLong_headers" name="verifyHeaders04" time="0.000">
    <skipped/>
  </testcase> <!-- verifyHeaders04 -->
  <testcase classname="BaseTest.TestCases_with_different_latLong_headers" name="verifyHeaders16" time="0.000">
    <skipped/>
  </testcase> <!-- verifyHeaders16 -->
  <testcase classname="BaseTest.TestCases_with_different_latLong_headers" name="verifyHeaders05" time="0.000">
    <skipped/>
  </testcase> <!-- verifyHeaders05 -->
  <testcase classname="BaseTest.TestCases_with_different_latLong_headers" name="verifyHeaders06" time="0.000">
    <skipped/>
  </testcase> <!-- verifyHeaders06 -->
  <testcase classname="BaseTest.TestCases_with_different_latLong_headers" name="verifyHeaders25" time="0.000">
    <skipped/>
  </testcase> <!-- verifyHeaders25 -->
  <testcase classname="BaseTest.TestCases_with_different_latLong_headers" name="verifyHeaders11" time="0.000">
    <skipped/>
  </testcase> <!-- verifyHeaders11 -->
  <testcase classname="BaseTest.TestCases_with_different_latLong_headers" name="verifyHeaders26" time="0.000">
    <skipped/>
  </testcase> <!-- verifyHeaders26 -->
  <testcase classname="BaseTest.TestCases_with_different_latLong_headers" name="verifyHeaders10" time="0.000">
    <skipped/>
  </testcase> <!-- verifyHeaders10 -->
  <testcase classname="BaseTest.TestCases_with_different_latLong_headers" name="verifyHeaders17" time="0.000">
    <skipped/>
  </testcase> <!-- verifyHeaders17 -->
  <testcase classname="BaseTest.TestCases_with_different_latLong_headers" name="verifyHeaders25" time="0.000">
    <skipped/>
  </testcase> <!-- verifyHeaders25 -->
  <testcase classname="BaseTest.TestCases_with_different_latLong_headers" name="verifyHeaders" time="0.404"/>
  <testcase classname="BaseTest.TestCases_with_different_latLong_headers" name="Teardown" time="0.215">
    <error message="invalid session id
Build info: version: &#039;4.7.1&#039;, revision: &#039;c6795baf1a3&#039;
System info: os.name: &#039;Windows 10&#039;, os.arch: &#039;amd64&#039;, os.version: &#039;10.0&#039;, java.version: &#039;17.0.2&#039;
Driver info: org.openqa.selenium.chrome.ChromeDriver
Command: [93bf3fb04a5505675b63f1323a63c879, close {}]
Capabilities {acceptInsecureCerts: false, browserName: chrome, browserVersion: 109.0.5414.120, chrome: {chromedriverVersion: 109.0.5414.74 (e7c5703604da..., userDataDir: C:\Users\Lenovo\AppData\Loc...}, goog:chromeOptions: {debuggerAddress: localhost:55013}, networkConnectionEnabled: false, pageLoadStrategy: normal, platformName: WINDOWS, proxy: Proxy(), se:cdp: ws://localhost:55013/devtoo..., se:cdpVersion: 109.0.5414.120, setWindowRect: true, strictFileInteractability: false, timeouts: {implicit: 0, pageLoad: 300000, script: 30000}, unhandledPromptBehavior: dismiss and notify, webauthn:extension:credBlob: true, webauthn:extension:largeBlob: true, webauthn:virtualAuthenticators: true}
Session ID: 93bf3fb04a5505675b63f1323a63c879" type="org.openqa.selenium.NoSuchSessionException">
      <![CDATA[org.openqa.selenium.NoSuchSessionException: invalid session id
Build info: version: '4.7.1', revision: 'c6795baf1a3'
System info: os.name: 'Windows 10', os.arch: 'amd64', os.version: '10.0', java.version: '17.0.2'
Driver info: org.openqa.selenium.chrome.ChromeDriver
Command: [93bf3fb04a5505675b63f1323a63c879, close {}]
Capabilities {acceptInsecureCerts: false, browserName: chrome, browserVersion: 109.0.5414.120, chrome: {chromedriverVersion: 109.0.5414.74 (e7c5703604da..., userDataDir: C:\Users\Lenovo\AppData\Loc...}, goog:chromeOptions: {debuggerAddress: localhost:55013}, networkConnectionEnabled: false, pageLoadStrategy: normal, platformName: WINDOWS, proxy: Proxy(), se:cdp: ws://localhost:55013/devtoo..., se:cdpVersion: 109.0.5414.120, setWindowRect: true, strictFileInteractability: false, timeouts: {implicit: 0, pageLoad: 300000, script: 30000}, unhandledPromptBehavior: dismiss and notify, webauthn:extension:credBlob: true, webauthn:extension:largeBlob: true, webauthn:virtualAuthenticators: true}
Session ID: 93bf3fb04a5505675b63f1323a63c879
at java.base/jdk.internal.reflect.NativeConstructorAccessorImpl.newInstance0(Native Method)
at java.base/jdk.internal.reflect.NativeConstructorAccessorImpl.newInstance(NativeConstructorAccessorImpl.java:77)
at java.base/jdk.internal.reflect.DelegatingConstructorAccessorImpl.newInstance(DelegatingConstructorAccessorImpl.java:45)
at java.base/java.lang.reflect.Constructor.newInstanceWithCaller(Constructor.java:499)
at java.base/java.lang.reflect.Constructor.newInstance(Constructor.java:480)
at org.openqa.selenium.remote.codec.w3c.W3CHttpResponseCodec.createException(W3CHttpResponseCodec.java:200)
at org.openqa.selenium.remote.codec.w3c.W3CHttpResponseCodec.decode(W3CHttpResponseCodec.java:133)
at org.openqa.selenium.remote.codec.w3c.W3CHttpResponseCodec.decode(W3CHttpResponseCodec.java:53)
at org.openqa.selenium.remote.HttpCommandExecutor.execute(HttpCommandExecutor.java:184)
at org.openqa.selenium.remote.service.DriverCommandExecutor.invokeExecute(DriverCommandExecutor.java:167)
at org.openqa.selenium.remote.service.DriverCommandExecutor.execute(DriverCommandExecutor.java:142)
at org.openqa.selenium.remote.RemoteWebDriver.execute(RemoteWebDriver.java:551)
at org.openqa.selenium.remote.RemoteWebDriver.execute(RemoteWebDriver.java:606)
at org.openqa.selenium.remote.RemoteWebDriver.execute(RemoteWebDriver.java:610)
at org.openqa.selenium.remote.RemoteWebDriver.close(RemoteWebDriver.java:434)
at BaseTest.Baseclass.Teardown(Baseclass.java:46)
at java.base/jdk.internal.reflect.NativeMethodAccessorImpl.invoke0(Native Method)
at java.base/jdk.internal.reflect.NativeMethodAccessorImpl.invoke(NativeMethodAccessorImpl.java:77)
at java.base/jdk.internal.reflect.DelegatingMethodAccessorImpl.invoke(DelegatingMethodAccessorImpl.java:43)
at java.base/java.lang.reflect.Method.invoke(Method.java:568)
at org.testng.internal.MethodInvocationHelper.invokeMethod(MethodInvocationHelper.java:124)
at org.testng.internal.MethodInvocationHelper.invokeMethodConsideringTimeout(MethodInvocationHelper.java:59)
at org.testng.internal.Invoker.invokeConfigurationMethod(Invoker.java:458)
at org.testng.internal.Invoker.invokeConfigurations(Invoker.java:222)
at org.testng.internal.Invoker.invokeMethod(Invoker.java:646)
at org.testng.internal.Invoker.invokeTestMethod(Invoker.java:719)
at org.testng.internal.Invoker.invokeTestMethods(Invoker.java:989)
at org.testng.internal.TestMethodWorker.invokeTestMethods(TestMethodWorker.java:125)
at org.testng.internal.TestMethodWorker.run(TestMethodWorker.java:109)
at org.testng.TestRunner.privateRun(TestRunner.java:648)
at org.testng.TestRunner.run(TestRunner.java:505)
at org.testng.SuiteRunner.runTest(SuiteRunner.java:455)
at org.testng.SuiteRunner.access$000(SuiteRunner.java:40)
at org.testng.SuiteRunner$SuiteWorker.run(SuiteRunner.java:489)
at org.testng.internal.thread.ThreadUtil$1.call(ThreadUtil.java:52)
at java.base/java.util.concurrent.FutureTask.run(FutureTask.java:264)
at java.base/java.util.concurrent.ThreadPoolExecutor.runWorker(ThreadPoolExecutor.java:1136)
at java.base/java.util.concurrent.ThreadPoolExecutor$Worker.run(ThreadPoolExecutor.java:635)
at java.base/java.lang.Thread.run(Thread.java:833)
]]>
    </error>
  </testcase> <!-- Teardown -->
  <testcase classname="BaseTest.TestCases_with_different_latLong_headers" name="verifyHeaders12" time="0.000">
    <skipped/>
  </testcase> <!-- verifyHeaders12 -->
  <testcase classname="BaseTest.TestCases_with_different_latLong_headers" name="verifyHeaders02" time="0.000">
    <skipped/>
  </testcase> <!-- verifyHeaders02 -->
  <testcase classname="BaseTest.TestCases_with_different_latLong_headers" name="verifyHeaders05" time="0.000">
    <skipped/>
  </testcase> <!-- verifyHeaders05 -->
  <testcase classname="BaseTest.TestCases_with_different_latLong_headers" name="verifyHeaders23" time="0.000">
    <skipped/>
  </testcase> <!-- verifyHeaders23 -->
  <testcase classname="BaseTest.TestCases_with_different_latLong_headers" name="verifyHeaders22" time="0.000">
    <skipped/>
  </testcase> <!-- verifyHeaders22 -->
  <testcase classname="BaseTest.TestCases_with_different_latLong_headers" name="verifyHeaders19" time="0.000">
    <skipped/>
  </testcase> <!-- verifyHeaders19 -->
</testsuite> <!-- BaseTest.TestCases_with_different_latLong_headers -->
